#
# There is insufficient memory for the Java Runtime Environment to continue.
# Native memory allocation (malloc) failed to allocate 1048576 bytes for AllocateHeap
# Possible reasons:
#   The system is out of physical RAM or swap space
#   The process is running with CompressedOops enabled, and the Java Heap may be blocking the growth of the native heap
# Possible solutions:
#   Reduce memory load on the system
#   Increase physical memory or swap space
#   Check if swap backing store is full
#   Decrease Java heap size (-Xmx/-Xms)
#   Decrease number of Java threads
#   Decrease Java thread stack sizes (-Xss)
#   Set larger code cache with -XX:ReservedCodeCacheSize=
#   JVM is running with Unscaled Compressed Oops mode in which the Java heap is
#     placed in the first 4GB address space. The Java Heap base address is the
#     maximum limit for the native heap growth. Please use -XX:HeapBaseMinAddress
#     to set the Java Heap base and to place the Java Heap above 4GB virtual address.
# This output file may be truncated or incomplete.
#
#  Out of Memory Error (memory/allocation.inline.hpp:61), pid=6208, tid=0x0000000000000e00
#
# JRE version:  (8.0_211-b12) (build )
# Java VM: Java HotSpot(TM) 64-Bit Server VM (25.211-b12 mixed mode windows-amd64 compressed oops)
# Failed to write core dump. Minidumps are not enabled by default on client versions of Windows
#

---------------  T H R E A D  ---------------

Current thread (0x000000000229e800):  JavaThread "Unknown thread" [_thread_in_vm, id=3584, stack(0x00000000022a0000,0x00000000023a0000)]

Stack: [0x00000000022a0000,0x00000000023a0000]
[error occurred during error reporting (printing stack bounds), id 0xc0000005]

Native frames: (J=compiled Java code, j=interpreted, Vv=VM code, C=native code)


---------------  P R O C E S S  ---------------

Java Threads: ( => current thread )

Other Threads:

=>0x000000000229e800 (exited) JavaThread "Unknown thread" [_thread_in_vm, id=3584, stack(0x00000000022a0000,0x00000000023a0000)]

VM state:not at safepoint (normal execution)

VM Mutex/Monitor currently owned by a thread: None

heap address: 0x00000000c8800000, size: 888 MB, Compressed Oops mode: 32-bit
Narrow klass base: 0x0000000000000000, Narrow klass shift: 3
Compressed class space size: 1073741824 Address: 0x0000000100000000

Heap:
 PSYoungGen      total 16896K, used 296K [0x00000000ed800000, 0x00000000eea80000, 0x0000000100000000)
  eden space 14848K, 2% used [0x00000000ed800000,0x00000000ed84a3e0,0x00000000ee680000)
  from space 2048K, 0% used [0x00000000ee880000,0x00000000ee880000,0x00000000eea80000)
  to   space 2048K, 0% used [0x00000000ee680000,0x00000000ee680000,0x00000000ee880000)
 ParOldGen       total 38400K, used 0K [0x00000000c8800000, 0x00000000cad80000, 0x00000000ed800000)
  object space 38400K, 0% used [0x00000000c8800000,0x00000000c8800000,0x00000000cad80000)
 Metaspace       used 751K, capacity 4480K, committed 4480K, reserved 1056768K
  class space    used 76K, capacity 384K, committed 384K, reserved 1048576K

Card table byte_map: [0x0000000011860000,0x0000000011a20000] byte_map_base: 0x000000001121c000

Marking Bits: (ParMarkBitMap*) 0x0000000067ed5ce0
 Begin Bits: [0x0000000011f50000, 0x0000000012d30000)
 End Bits:   [0x0000000012d30000, 0x0000000013b10000)

Polling page: 0x00000000001f0000

CodeCache: size=245760Kb used=327Kb max_used=327Kb free=245432Kb
 bounds [0x00000000024a0000, 0x0000000002710000, 0x00000000114a0000]
 total_blobs=57 nmethods=0 adapters=38
 compilation: enabled

Compilation events (0 events):
No events

GC Heap History (0 events):
No events

Deoptimization events (0 events):
No events

Classes redefined (0 events):
No events

Internal exceptions (0 events):
No events

Events (10 events):
Event: 0.104 loading class java/lang/Short
Event: 0.104 loading class java/lang/Short done
Event: 0.104 loading class java/lang/Integer
Event: 0.104 loading class java/lang/Integer done
Event: 0.104 loading class java/lang/Long
Event: 0.105 loading class java/lang/Long done
Event: 0.108 loading class java/lang/NullPointerException
Event: 0.108 loading class java/lang/NullPointerException done
Event: 0.108 loading class java/lang/ArithmeticException
Event: 0.108 loading class java/lang/ArithmeticException done


Dynamic libraries:
0x00007ff7a2c90000 - 0x00007ff7a2cc7000 	C:\Program Files\Java\jre1.8.0_211\bin\javaw.exe
0x00007ffe4cbf0000 - 0x00007ffe4cdd1000 	C:\WINDOWS\SYSTEM32\ntdll.dll
0x00007ffe4bec0000 - 0x00007ffe4bf71000 	C:\WINDOWS\System32\KERNEL32.DLL
0x00007ffe49400000 - 0x00007ffe49673000 	C:\WINDOWS\System32\KERNELBASE.dll
0x00007ffe4bfb0000 - 0x00007ffe4c051000 	C:\WINDOWS\System32\ADVAPI32.dll
0x00007ffe4a5f0000 - 0x00007ffe4a68e000 	C:\WINDOWS\System32\msvcrt.dll
0x00007ffe4be60000 - 0x00007ffe4bebb000 	C:\WINDOWS\System32\sechost.dll
0x00007ffe4bd10000 - 0x00007ffe4be34000 	C:\WINDOWS\System32\RPCRT4.dll
0x00007ffe4a690000 - 0x00007ffe4a820000 	C:\WINDOWS\System32\USER32.dll
0x00007ffe49260000 - 0x00007ffe49280000 	C:\WINDOWS\System32\win32u.dll
0x00007ffe4c240000 - 0x00007ffe4c268000 	C:\WINDOWS\System32\GDI32.dll
0x00007ffe49ee0000 - 0x00007ffe4a071000 	C:\WINDOWS\System32\gdi32full.dll
0x00007ffe49280000 - 0x00007ffe4931f000 	C:\WINDOWS\System32\msvcp_win.dll
0x00007ffe496d0000 - 0x00007ffe497c8000 	C:\WINDOWS\System32\ucrtbase.dll
0x00007ffe3dac0000 - 0x00007ffe3dd29000 	C:\WINDOWS\WinSxS\amd64_microsoft.windows.common-controls_6595b64144ccf1df_6.0.17134.885_none_fb42a3473065565f\COMCTL32.dll
0x00007ffe4a100000 - 0x00007ffe4a422000 	C:\WINDOWS\System32\combase.dll
0x00007ffe49320000 - 0x00007ffe49399000 	C:\WINDOWS\System32\bcryptPrimitives.dll
0x00007ffe4bf80000 - 0x00007ffe4bfad000 	C:\WINDOWS\System32\IMM32.DLL
0x0000000068870000 - 0x0000000068942000 	C:\Program Files\Java\jre1.8.0_211\bin\msvcr100.dll
0x00000000676b0000 - 0x0000000067f55000 	C:\Program Files\Java\jre1.8.0_211\bin\server\jvm.dll
0x00007ffe4bd00000 - 0x00007ffe4bd08000 	C:\WINDOWS\System32\PSAPI.DLL
0x00007ffe41d40000 - 0x00007ffe41d49000 	C:\WINDOWS\SYSTEM32\WSOCK32.dll
0x00007ffe4c270000 - 0x00007ffe4c2dc000 	C:\WINDOWS\System32\WS2_32.dll
0x00007ffe46c00000 - 0x00007ffe46c23000 	C:\WINDOWS\SYSTEM32\WINMM.dll
0x00007ffe3fae0000 - 0x00007ffe3faea000 	C:\WINDOWS\SYSTEM32\VERSION.dll
0x00007ffe46880000 - 0x00007ffe468aa000 	C:\WINDOWS\SYSTEM32\WINMMBASE.dll
0x00007ffe49680000 - 0x00007ffe496c9000 	C:\WINDOWS\System32\cfgmgr32.dll
0x00007ffe41d30000 - 0x00007ffe41d3f000 	C:\Program Files\Java\jre1.8.0_211\bin\verify.dll
0x00007ffe364f0000 - 0x00007ffe36519000 	C:\Program Files\Java\jre1.8.0_211\bin\java.dll
0x00007ffe38760000 - 0x00007ffe38776000 	C:\Program Files\Java\jre1.8.0_211\bin\zip.dll

VM Arguments:
jvm_args: -ea -Dfile.encoding=UTF-8 
java_command: org.eclipse.jdt.internal.junit.runner.RemoteTestRunner -version 3 -port 63977 -testLoaderClass org.eclipse.jdt.internal.junit4.runner.JUnit4TestLoader -loaderpluginname org.eclipse.jdt.junit4.runtime -classNames org.tcs.test.Newone.App
java_class_path (initial): C:\Users\ELCOT\eclipse-workspace\popz\Newone\target\test-classes;C:\Users\ELCOT\eclipse-workspace\popz\Newone\target\classes;C:\Users\ELCOT\.m2\repository\junit\junit\4.12\junit-4.12.jar;C:\Users\ELCOT\.m2\repository\org\hamcrest\hamcrest-core\1.3\hamcrest-core-1.3.jar;C:\Users\ELCOT\.m2\repository\org\seleniumhq\selenium\selenium-server\3.141.59\selenium-server-3.141.59.jar;C:\Users\ELCOT\.m2\repository\org\seleniumhq\selenium\selenium-java\3.141.59\selenium-java-3.141.59.jar;C:\Users\ELCOT\.m2\repository\org\seleniumhq\selenium\selenium-api\3.141.59\selenium-api-3.141.59.jar;C:\Users\ELCOT\.m2\repository\org\seleniumhq\selenium\selenium-chrome-driver\3.141.59\selenium-chrome-driver-3.141.59.jar;C:\Users\ELCOT\.m2\repository\org\seleniumhq\selenium\selenium-edge-driver\3.141.59\selenium-edge-driver-3.141.59.jar;C:\Users\ELCOT\.m2\repository\org\seleniumhq\selenium\selenium-firefox-driver\3.141.59\selenium-firefox-driver-3.141.59.jar;C:\Users\ELCOT\.m2\repository\org\seleniumhq\selenium\selenium-ie-driver\3.141.59\selenium-ie-driver-3.141.59.jar;C:\Users\ELCOT\.m2\repository\org\seleniumhq\selenium\selenium-opera-driver\3.141.59\selenium-opera-driver-3.141.59.jar;C:\Users\ELCOT\.m2\repository\org\seleniumhq\selenium\selenium-remote-driver\3.141.59\selenium-remote-driver-3.141.59.jar;C:\Users\ELCOT\.m2\repository\org\seleniumhq\selenium\selenium-safari-driver\3.141.59\selenium-safari-driver-3.141.59.jar;C:\Users\ELCOT\.m2\repository\org\seleniumhq\selenium\selenium-support\3.141.59\selenium-support-3.141.59.jar;C:\Users\ELCOT\.m2\repository\com\beust\jcommander\1.72\jcommander-1.72.jar;C:\Users\ELCOT\.m2\repository\net\bytebuddy\byte-buddy\1.8.15\byte-buddy-1.8.15.jar;C:\Users\ELCOT\.m2\repository\org\apache\commons\commons-exec\1.3\commons-exec-1.3.jar;C:\Users\ELCOT\.m2\repository\com\google\guava\guava\25.0-jre\guava-25.0-jre.jar;C:\Users\ELCOT\.m2\repository\com\google\code\findbugs\jsr305\1.3.9\jsr305-1.3.9.jar;C:\Users\ELCOT\.m2\rep
Launcher Type: SUN_STANDARD

Environment Variables:
JAVA_HOME=C:\Program Files\Java\jdk1.8.0_211
PATH=C:/Program Files/Java/jre1.8.0_211/bin/server;C:/Program Files/Java/jre1.8.0_211/bin;C:/Program Files/Java/jre1.8.0_211/lib/amd64;C:\Program Files (x86)\Common Files\Oracle\Java\javapath;C:\WINDOWS\system32;C:\WINDOWS;C:\WINDOWS\System32\Wbem;C:\WINDOWS\System32\WindowsPowerShell\v1.0\;C:\WINDOWS\System32\OpenSSH\;C:\Program Files\Java\jdk1.8.0_211\bin;C:\Users\ELCOT\Downloads\apache-maven-3.6.1-bin\apache-maven-3.6.1\bin\bin;C:\Users\ELCOT\AppData\Local\Microsoft\WindowsApps;;D:\eclipse;
USERNAME=ELCOT
OS=Windows_NT
PROCESSOR_IDENTIFIER=AMD64 Family 22 Model 48 Stepping 1, AuthenticAMD



---------------  S Y S T E M  ---------------

OS: Windows 10.0 , 64 bit Build 17134 (10.0.17134.753)

CPU:total 4 (initial active 4) (4 cores per cpu, 1 threads per core) family 22 model 48 stepping 1, cmov, cx8, fxsr, mmx, sse, sse2, sse3, ssse3, sse4.1, sse4.2, popcnt, avx, aes, clmul, mmxext, 3dnowpref, lzcnt, sse4a, tsc, tscinvbit, tscinv, bmi1

Memory: 4k page, physical 3633524k(416436k free), swap 9723252k(5400k free)

vm_info: Java HotSpot(TM) 64-Bit Server VM (25.211-b12) for windows-amd64 JRE (1.8.0_211-b12), built on Apr  1 2019 20:53:26 by "java_re" with MS VC++ 10.0 (VS2010)

time: Fri Aug 09 23:38:09 2019
timezone: India Standard Time
elapsed time: 0 seconds (0d 0h 0m 0s)

